########### array before sorts ###########
0	20.320000	17.780000	20.320000	2.540000	n
1	20.320000	2.540000	20.233452	1.882600	n
2	20.233452	1.882600	19.979705	1.270000	n
3	19.979705	1.270000	19.576051	0.743949	n
4	19.576051	0.743949	19.050000	0.340295	n
5	19.050000	0.340295	18.437400	0.086548	n
6	18.437400	0.086548	17.780000	0.000000	n
7	17.780000	0.000000	2.540000	0.000000	n
8	2.540000	0.000000	1.882600	0.086548	n
9	1.882600	0.086548	1.270000	0.340295	n
10	1.270000	0.340295	0.743949	0.743949	n
11	0.743949	0.743949	0.340295	1.270000	n
12	0.340295	1.270000	0.086548	1.882600	n
13	0.086548	1.882600	0.000000	2.540000	n
14	0.000000	2.540000	0.000000	17.780000	n
15	0.000000	17.780000	0.086548	18.437400	n
16	0.086548	18.437400	0.340295	19.050000	n
17	0.340295	19.050000	0.743949	19.576051	n
18	0.743949	19.576051	1.270000	19.979705	n
19	1.270000	19.979705	1.882600	20.233452	n
20	1.882600	20.233452	2.540000	20.320000	n
21	2.540000	20.320000	17.780000	20.320000	n
22	17.780000	20.320000	18.437400	20.233452	n
23	18.437400	20.233452	19.050000	19.979705	n
24	19.050000	19.979705	19.576051	19.576051	n
25	19.576051	19.576051	19.979705	19.050000	n
26	19.979705	19.050000	20.233452	18.437400	n
27	20.233452	18.437400	20.320000	17.780000	n
Tolerance=0.050000.
*Exact match for i=0 and j=1.
*i point 20.320000	17.780000	20.320000	2.540000	y
*Exact match for i=1 and j=2.
*i point 20.320000	2.540000	20.233452	1.882600	y
*Exact match for i=2 and j=3.
*i point 20.233452	1.882600	19.979705	1.270000	y
*Exact match for i=3 and j=4.
*i point 19.979705	1.270000	19.576051	0.743949	y
*Exact match for i=4 and j=5.
*i point 19.576051	0.743949	19.050000	0.340295	y
*Exact match for i=5 and j=6.
*i point 19.050000	0.340295	18.437400	0.086548	y
*Exact match for i=6 and j=7.
*i point 18.437400	0.086548	17.780000	0.000000	y
*Exact match for i=7 and j=8.
*i point 17.780000	0.000000	2.540000	0.000000	y
*Exact match for i=8 and j=9.
*i point 2.540000	0.000000	1.882600	0.086548	y
*Exact match for i=9 and j=10.
*i point 1.882600	0.086548	1.270000	0.340295	y
*Exact match for i=10 and j=11.
*i point 1.270000	0.340295	0.743949	0.743949	y
*Exact match for i=11 and j=12.
*i point 0.743949	0.743949	0.340295	1.270000	y
*Exact match for i=12 and j=13.
*i point 0.340295	1.270000	0.086548	1.882600	y
*Exact match for i=13 and j=14.
*i point 0.086548	1.882600	0.000000	2.540000	y
*Exact match for i=14 and j=15.
*i point 0.000000	2.540000	0.000000	17.780000	y
*Exact match for i=15 and j=16.
*i point 0.000000	17.780000	0.086548	18.437400	y
*Exact match for i=16 and j=17.
*i point 0.086548	18.437400	0.340295	19.050000	y
*Exact match for i=17 and j=18.
*i point 0.340295	19.050000	0.743949	19.576051	y
*Exact match for i=18 and j=19.
*i point 0.743949	19.576051	1.270000	19.979705	y
*Exact match for i=19 and j=20.
*i point 1.270000	19.979705	1.882600	20.233452	y
*Exact match for i=20 and j=21.
*i point 1.882600	20.233452	2.540000	20.320000	y
*Exact match for i=21 and j=22.
*i point 2.540000	20.320000	17.780000	20.320000	y
*Exact match for i=22 and j=23.
*i point 17.780000	20.320000	18.437400	20.233452	y
*Exact match for i=23 and j=24.
*i point 18.437400	20.233452	19.050000	19.979705	y
*Exact match for i=24 and j=25.
*i point 19.050000	19.979705	19.576051	19.576051	y
*Exact match for i=25 and j=26.
*i point 19.576051	19.576051	19.979705	19.050000	y
*Exact match for i=26 and j=27.
*i point 19.979705	19.050000	20.233452	18.437400	y
########### array after sorts ###########
0	20.320000	17.780000	20.320000	2.540000	y
1	20.320000	2.540000	20.233452	1.882600	y
2	20.233452	1.882600	19.979705	1.270000	y
3	19.979705	1.270000	19.576051	0.743949	y
4	19.576051	0.743949	19.050000	0.340295	y
5	19.050000	0.340295	18.437400	0.086548	y
6	18.437400	0.086548	17.780000	0.000000	y
7	17.780000	0.000000	2.540000	0.000000	y
8	2.540000	0.000000	1.882600	0.086548	y
9	1.882600	0.086548	1.270000	0.340295	y
10	1.270000	0.340295	0.743949	0.743949	y
11	0.743949	0.743949	0.340295	1.270000	y
12	0.340295	1.270000	0.086548	1.882600	y
13	0.086548	1.882600	0.000000	2.540000	y
14	0.000000	2.540000	0.000000	17.780000	y
15	0.000000	17.780000	0.086548	18.437400	y
16	0.086548	18.437400	0.340295	19.050000	y
17	0.340295	19.050000	0.743949	19.576051	y
18	0.743949	19.576051	1.270000	19.979705	y
19	1.270000	19.979705	1.882600	20.233452	y
20	1.882600	20.233452	2.540000	20.320000	y
21	2.540000	20.320000	17.780000	20.320000	y
22	17.780000	20.320000	18.437400	20.233452	y
23	18.437400	20.233452	19.050000	19.979705	y
24	19.050000	19.979705	19.576051	19.576051	y
25	19.576051	19.576051	19.979705	19.050000	y
26	19.979705	19.050000	20.233452	18.437400	y
27	20.233452	18.437400	20.320000	17.780000	y
***************
.BOARD_OUTLINE UNOWNED
1.6
0     20.320000     17.780000     0
0     20.320000     2.540000     0
0     20.233452     1.882600     0
0     19.979705     1.270000     0
0     19.576051     0.743949     0
0     19.050000     0.340295     0
0     18.437400     0.086548     0
0     17.780000     0.000000     0
0     2.540000     0.000000     0
0     1.882600     0.086548     0
0     1.270000     0.340295     0
0     0.743949     0.743949     0
0     0.340295     1.270000     0
0     0.086548     1.882600     0
0     0.000000     2.540000     0
0     0.000000     17.780000     0
0     0.086548     18.437400     0
0     0.340295     19.050000     0
0     0.743949     19.576051     0
0     1.270000     19.979705     0
0     1.882600     20.233452     0
0     2.540000     20.320000     0
0     17.780000     20.320000     0
0     18.437400     20.233452     0
0     19.050000     19.979705     0
0     19.576051     19.576051     0
0     19.979705     19.050000     0
0     20.233452     18.437400     0
0     20.320000     17.780000     0
