########### array before sorts ###########
0	20.330400	20.332800	20.243852	20.990200	n
1	20.243852	20.990200	19.990105	21.602800	n
2	19.990105	21.602800	19.586451	22.128851	n
3	19.586451	22.128851	19.060400	22.532505	n
4	19.060400	22.532505	18.447800	22.786252	n
5	18.447800	22.786252	17.790400	22.872800	n
6	17.790400	22.872800	2.545000	22.872800	n
7	2.545000	22.872800	0.091548	20.990200	n
8	0.091548	20.990200	0.345295	21.602800	n
9	0.345295	21.602800	0.748949	22.128851	n
10	0.748949	22.128851	1.275000	22.532505	n
11	1.275000	22.532505	1.887600	22.786252	n
12	1.887600	22.786252	0.005000	20.332800	n
13	0.005000	20.332800	0.005000	2.552600	n
14	0.005000	2.552600	1.887600	0.099148	n
15	1.887600	0.099148	1.275000	0.352895	n
16	1.275000	0.352895	0.748949	0.756549	n
17	0.748949	0.756549	0.345295	1.282600	n
18	0.345295	1.282600	0.091548	1.895200	n
19	0.091548	1.895200	2.545000	0.012600	n
20	2.545000	0.012600	17.790400	0.012600	n
21	17.790400	0.012600	18.447800	0.099148	n
22	18.447800	0.099148	19.060400	0.352895	n
23	19.060400	0.352895	19.586451	0.756549	n
24	19.586451	0.756549	19.990105	1.282600	n
25	19.990105	1.282600	20.243852	1.895200	n
26	20.243852	1.895200	20.330400	2.552600	n
27	20.330400	2.552600	20.330400	20.332800	n
Tolerance=0.050000.
*Exact match for i=0 and j=1.
*i point 20.330400	20.332800	20.243852	20.990200	y
*Exact match for i=1 and j=2.
*i point 20.243852	20.990200	19.990105	21.602800	y
*Exact match for i=2 and j=3.
*i point 19.990105	21.602800	19.586451	22.128851	y
*Exact match for i=3 and j=4.
*i point 19.586451	22.128851	19.060400	22.532505	y
*Exact match for i=4 and j=5.
*i point 19.060400	22.532505	18.447800	22.786252	y
*Exact match for i=5 and j=6.
*i point 18.447800	22.786252	17.790400	22.872800	y
*Exact match for i=6 and j=7.
*i point 17.790400	22.872800	2.545000	22.872800	y
*Exact match for i=7 and j=8.
*i point 2.545000	22.872800	0.091548	20.990200	y
*Exact match for i=8 and j=9.
*i point 0.091548	20.990200	0.345295	21.602800	y
*Exact match for i=9 and j=10.
*i point 0.345295	21.602800	0.748949	22.128851	y
*Exact match for i=10 and j=11.
*i point 0.748949	22.128851	1.275000	22.532505	y
*Exact match for i=11 and j=12.
*i point 1.275000	22.532505	1.887600	22.786252	y
*Exact match for i=12 and j=13.
*i point 1.887600	22.786252	0.005000	20.332800	y
*Exact match for i=13 and j=14.
*i point 0.005000	20.332800	0.005000	2.552600	y
*Exact match for i=14 and j=15.
*i point 0.005000	2.552600	1.887600	0.099148	y
*Exact match for i=15 and j=16.
*i point 1.887600	0.099148	1.275000	0.352895	y
*Exact match for i=16 and j=17.
*i point 1.275000	0.352895	0.748949	0.756549	y
*Exact match for i=17 and j=18.
*i point 0.748949	0.756549	0.345295	1.282600	y
*Exact match for i=18 and j=19.
*i point 0.345295	1.282600	0.091548	1.895200	y
*Exact match for i=19 and j=20.
*i point 0.091548	1.895200	2.545000	0.012600	y
*Exact match for i=20 and j=21.
*i point 2.545000	0.012600	17.790400	0.012600	y
*Exact match for i=21 and j=22.
*i point 17.790400	0.012600	18.447800	0.099148	y
*Exact match for i=22 and j=23.
*i point 18.447800	0.099148	19.060400	0.352895	y
*Exact match for i=23 and j=24.
*i point 19.060400	0.352895	19.586451	0.756549	y
*Exact match for i=24 and j=25.
*i point 19.586451	0.756549	19.990105	1.282600	y
*Exact match for i=25 and j=26.
*i point 19.990105	1.282600	20.243852	1.895200	y
*Exact match for i=26 and j=27.
*i point 20.243852	1.895200	20.330400	2.552600	y
########### array after sorts ###########
0	20.330400	20.332800	20.243852	20.990200	y
1	20.243852	20.990200	19.990105	21.602800	y
2	19.990105	21.602800	19.586451	22.128851	y
3	19.586451	22.128851	19.060400	22.532505	y
4	19.060400	22.532505	18.447800	22.786252	y
5	18.447800	22.786252	17.790400	22.872800	y
6	17.790400	22.872800	2.545000	22.872800	y
7	2.545000	22.872800	0.091548	20.990200	y
8	0.091548	20.990200	0.345295	21.602800	y
9	0.345295	21.602800	0.748949	22.128851	y
10	0.748949	22.128851	1.275000	22.532505	y
11	1.275000	22.532505	1.887600	22.786252	y
12	1.887600	22.786252	0.005000	20.332800	y
13	0.005000	20.332800	0.005000	2.552600	y
14	0.005000	2.552600	1.887600	0.099148	y
15	1.887600	0.099148	1.275000	0.352895	y
16	1.275000	0.352895	0.748949	0.756549	y
17	0.748949	0.756549	0.345295	1.282600	y
18	0.345295	1.282600	0.091548	1.895200	y
19	0.091548	1.895200	2.545000	0.012600	y
20	2.545000	0.012600	17.790400	0.012600	y
21	17.790400	0.012600	18.447800	0.099148	y
22	18.447800	0.099148	19.060400	0.352895	y
23	19.060400	0.352895	19.586451	0.756549	y
24	19.586451	0.756549	19.990105	1.282600	y
25	19.990105	1.282600	20.243852	1.895200	y
26	20.243852	1.895200	20.330400	2.552600	y
27	20.330400	2.552600	20.330400	20.332800	y
***************
.BOARD_OUTLINE UNOWNED
1.6
0     20.330400     20.332800     0
0     20.243852     20.990200     0
0     19.990105     21.602800     0
0     19.586451     22.128851     0
0     19.060400     22.532505     0
0     18.447800     22.786252     0
0     17.790400     22.872800     0
0     2.545000     22.872800     0
0     0.091548     20.990200     0
0     0.345295     21.602800     0
0     0.748949     22.128851     0
0     1.275000     22.532505     0
0     1.887600     22.786252     0
0     0.005000     20.332800     0
0     0.005000     2.552600     0
0     1.887600     0.099148     0
0     1.275000     0.352895     0
0     0.748949     0.756549     0
0     0.345295     1.282600     0
0     0.091548     1.895200     0
0     2.545000     0.012600     0
0     17.790400     0.012600     0
0     18.447800     0.099148     0
0     19.060400     0.352895     0
0     19.586451     0.756549     0
0     19.990105     1.282600     0
0     20.243852     1.895200     0
0     20.330400     2.552600     0
0     20.330400     20.332800     0
